# Logfile created on Fri Jul 24 21:24:24 +0530 2020 by logger.rb/1.2.6
2020-07-24T21:24:24+0530: [Worker(delayed_job host:Akshays-MacBook-Air-1591.local pid:49023)] Starting job worker
2020-07-24T21:32:42+0530: [Worker(delayed_job host:Akshays-MacBook-Air-1591.local pid:49023)] Exiting...
2020-07-24T21:32:45+0530: [Worker(delayed_job host:Akshays-MacBook-Air-1591.local pid:49552)] Starting job worker
2020-07-24T21:44:06+0530: [Worker(delayed_job host:Akshays-MacBook-Air-1591.local pid:49552)] ForgotMailJob failed with NoMethodError: undefined method `email' for #<YAML::Object:0x7fdfac8ee070> - 0 failed attempts
2020-07-24T21:44:06+0530: [Worker(delayed_job host:Akshays-MacBook-Air-1591.local pid:49552)] 1 jobs processed at 22.9357 j/s, 1 failed ...
2020-07-24T21:44:36+0530: [Worker(delayed_job host:Akshays-MacBook-Air-1591.local pid:49552)] ForgotMailJob failed with NoMethodError: undefined method `email' for #<YAML::Object:0x7fdfac8b21d8> - 2 failed attempts
2020-07-24T21:44:36+0530: [Worker(delayed_job host:Akshays-MacBook-Air-1591.local pid:49552)] 1 jobs processed at 75.2207 j/s, 1 failed ...
2020-07-24T22:01:06+0530: [Worker(delayed_job host:Akshays-MacBook-Air-1591.local pid:49552)] ForgotMailJob failed with NoMethodError: undefined method `email' for #<YAML::Object:0x7fdfac8aae38> - 0 failed attempts
2020-07-24T22:01:07+0530: [Worker(delayed_job host:Akshays-MacBook-Air-1591.local pid:49552)] 1 jobs processed at 8.2614 j/s, 1 failed ...
2020-07-24T22:01:37+0530: [Worker(delayed_job host:Akshays-MacBook-Air-1591.local pid:49552)] ForgotMailJob failed with NoMethodError: undefined method `email' for #<YAML::Object:0x7fdfacf0fb48> - 2 failed attempts
2020-07-24T22:01:37+0530: [Worker(delayed_job host:Akshays-MacBook-Air-1591.local pid:49552)] 1 jobs processed at 42.0220 j/s, 1 failed ...
2020-07-24T22:02:52+0530: [Worker(delayed_job host:Akshays-MacBook-Air-1591.local pid:49552)] ForgotMailJob failed with NoMethodError: undefined method `email' for #<YAML::Object:0x7fdface20188> - 0 failed attempts
2020-07-24T22:02:52+0530: [Worker(delayed_job host:Akshays-MacBook-Air-1591.local pid:49552)] 1 jobs processed at 59.1230 j/s, 1 failed ...
2020-07-24T22:03:02+0530: [Worker(delayed_job host:Akshays-MacBook-Air-1591.local pid:49552)] ForgotMailJob failed with NoMethodError: undefined method `email' for #<YAML::Object:0x7fdfacdd8ea0> - 1 failed attempts
2020-07-24T22:03:02+0530: [Worker(delayed_job host:Akshays-MacBook-Air-1591.local pid:49552)] 1 jobs processed at 64.3624 j/s, 1 failed ...
2020-07-24T22:03:27+0530: [Worker(delayed_job host:Akshays-MacBook-Air-1591.local pid:49552)] ForgotMailJob failed with NoMethodError: undefined method `email' for #<YAML::Object:0x7fdfacda1a68> - 2 failed attempts
2020-07-24T22:03:27+0530: [Worker(delayed_job host:Akshays-MacBook-Air-1591.local pid:49552)] 1 jobs processed at 32.7880 j/s, 1 failed ...
2020-07-24T22:07:17+0530: [Worker(delayed_job host:Akshays-MacBook-Air-1591.local pid:49552)] UserMailer.deliver_forgot_password completed after 5.4624
2020-07-24T22:07:17+0530: [Worker(delayed_job host:Akshays-MacBook-Air-1591.local pid:49552)] 1 jobs processed at 0.1828 j/s, 0 failed ...
2020-07-24T22:09:23+0530: [Worker(delayed_job host:Akshays-MacBook-Air-1591.local pid:49552)] ForgotMailJob completed after 5.4470
2020-07-24T22:09:23+0530: [Worker(delayed_job host:Akshays-MacBook-Air-1591.local pid:49552)] 1 jobs processed at 0.1833 j/s, 0 failed ...
2020-07-24T22:09:43+0530: [Worker(delayed_job host:Akshays-MacBook-Air-1591.local pid:49552)] UserMailer.deliver_forgot_password failed with ActionView::TemplateError: edit_password_url failed to generate from {:controller=>"passwords", :action=>"edit", :id=>"iOiotF/+s4nzHg1c6cMElg=="}, expected: {:controller=>"passwords", :action=>"edit"}, diff: {:id=>"iOiotF/+s4nzHg1c6cMElg=="} - 0 failed attempts
2020-07-24T22:09:43+0530: [Worker(delayed_job host:Akshays-MacBook-Air-1591.local pid:49552)] 1 jobs processed at 26.8817 j/s, 1 failed ...
2020-07-24T22:10:13+0530: [Worker(delayed_job host:Akshays-MacBook-Air-1591.local pid:49552)] UserMailer.deliver_forgot_password failed with ActionView::TemplateError: edit_password_url failed to generate from {:controller=>"passwords", :action=>"edit", :id=>"iOiotF/+s4nzHg1c6cMElg=="}, expected: {:controller=>"passwords", :action=>"edit"}, diff: {:id=>"iOiotF/+s4nzHg1c6cMElg=="} - 2 failed attempts
2020-07-24T22:10:13+0530: [Worker(delayed_job host:Akshays-MacBook-Air-1591.local pid:49552)] 1 jobs processed at 29.6024 j/s, 1 failed ...
2020-07-24T22:11:03+0530: [Worker(delayed_job host:Akshays-MacBook-Air-1591.local pid:49552)] UserMailer.deliver_registration_confirmation failed with ActionView::TemplateError: confirm_email_user_url failed to generate from {:controller=>"user", :action=>"confirm_email", :id=>"icfBoBaR/40TkVlfMhk1Vg=="}, expected: {:controller=>"user", :action=>"confirm_email"}, diff: {:id=>"icfBoBaR/40TkVlfMhk1Vg=="} - 1 failed attempts
2020-07-24T22:11:03+0530: [Worker(delayed_job host:Akshays-MacBook-Air-1591.local pid:49552)] 1 jobs processed at 48.5531 j/s, 1 failed ...
2020-07-24T22:20:34+0530: [Worker(delayed_job host:Akshays-MacBook-Air-1591.local pid:49552)] UserMailer.deliver_forgot_password completed after 5.0302
2020-07-24T22:20:34+0530: [Worker(delayed_job host:Akshays-MacBook-Air-1591.local pid:49552)] 1 jobs processed at 0.1984 j/s, 0 failed ...
2020-07-24T22:21:44+0530: [Worker(delayed_job host:Akshays-MacBook-Air-1591.local pid:49552)] UserMailer.deliver_forgot_password completed after 5.3501
2020-07-24T22:21:44+0530: [Worker(delayed_job host:Akshays-MacBook-Air-1591.local pid:49552)] 1 jobs processed at 0.1866 j/s, 0 failed ...
2020-07-24T22:23:44+0530: [Worker(delayed_job host:Akshays-MacBook-Air-1591.local pid:49552)] UserMailer.deliver_registration_confirmation failed with ActionView::TemplateError: confirm_email_user_url failed to generate from {:controller=>"user", :action=>"confirm_email", :id=>"QFvS/sBqskPyXfVBd745CA=="}, expected: {:controller=>"user", :action=>"confirm_email"}, diff: {:id=>"QFvS/sBqskPyXfVBd745CA=="} - 0 failed attempts
2020-07-24T22:23:44+0530: [Worker(delayed_job host:Akshays-MacBook-Air-1591.local pid:49552)] 1 jobs processed at 26.4523 j/s, 1 failed ...
2020-07-24T22:24:14+0530: [Worker(delayed_job host:Akshays-MacBook-Air-1591.local pid:49552)] UserMailer.deliver_registration_confirmation failed with ActionView::TemplateError: confirm_email_user_url failed to generate from {:controller=>"user", :action=>"confirm_email", :id=>"QFvS/sBqskPyXfVBd745CA=="}, expected: {:controller=>"user", :action=>"confirm_email"}, diff: {:id=>"QFvS/sBqskPyXfVBd745CA=="} - 2 failed attempts
2020-07-24T22:24:14+0530: [Worker(delayed_job host:Akshays-MacBook-Air-1591.local pid:49552)] 1 jobs processed at 26.9498 j/s, 1 failed ...
2020-07-24T22:55:38+0530: [Worker(delayed_job host:Akshays-MacBook-Air-1591.local pid:49552)] UserMailer.deliver_registration_confirmation completed after 5.3418
2020-07-24T22:55:38+0530: [Worker(delayed_job host:Akshays-MacBook-Air-1591.local pid:49552)] 1 jobs processed at 0.1869 j/s, 0 failed ...
2020-07-24T22:56:13+0530: [Worker(delayed_job host:Akshays-MacBook-Air-1591.local pid:49552)] UserMailer.deliver_registration_confirmation completed after 4.5370
2020-07-24T22:56:13+0530: [Worker(delayed_job host:Akshays-MacBook-Air-1591.local pid:49552)] 1 jobs processed at 0.2200 j/s, 0 failed ...
2020-07-24T22:57:53+0530: [Worker(delayed_job host:Akshays-MacBook-Air-1591.local pid:49552)] UserMailer.deliver_forgot_password completed after 4.6579
2020-07-24T22:57:53+0530: [Worker(delayed_job host:Akshays-MacBook-Air-1591.local pid:49552)] 1 jobs processed at 0.2130 j/s, 0 failed ...
2020-07-26T23:17:38+0530: [Worker(delayed_job host:Akshays-MacBook-Air-1591.local pid:49552)] UserMailer.deliver_forgot_password completed after 6.2990
2020-07-26T23:17:38+0530: [Worker(delayed_job host:Akshays-MacBook-Air-1591.local pid:49552)] 1 jobs processed at 0.1583 j/s, 0 failed ...
2020-07-26T23:40:24+0530: [Worker(delayed_job host:Akshays-MacBook-Air-1591.local pid:49552)] UserMailer.deliver_registration_confirmation completed after 5.8201
2020-07-26T23:40:24+0530: [Worker(delayed_job host:Akshays-MacBook-Air-1591.local pid:49552)] 1 jobs processed at 0.1714 j/s, 0 failed ...
2020-07-26T23:43:16+0530: [Worker(delayed_job host:Akshays-MacBook-Air-1591.local pid:49552)] UserMailer.deliver_forgot_password completed after 6.6754
2020-07-26T23:43:16+0530: [Worker(delayed_job host:Akshays-MacBook-Air-1591.local pid:49552)] 1 jobs processed at 0.1495 j/s, 0 failed ...
2020-07-26T23:44:30+0530: [Worker(delayed_job host:Akshays-MacBook-Air-1591.local pid:49552)] Exiting...
2020-07-26T23:44:33+0530: [Worker(delayed_job host:Akshays-MacBook-Air-1591.local pid:87282)] Starting job worker
2020-07-26T23:45:15+0530: [Worker(delayed_job host:Akshays-MacBook-Air-1591.local pid:87282)] Exiting...
2020-07-27T11:08:07+0530: [Worker(delayed_job host:Akshays-MacBook-Air-1591.local pid:93081)] Starting job worker
2020-07-27T11:09:02+0530: [Worker(delayed_job host:Akshays-MacBook-Air-1591.local pid:93081)] Exiting...
2020-07-27T14:23:29+0530: [Worker(delayed_job host:Akshays-MacBook-Air-1591.local pid:24658)] Starting job worker
2020-07-27T18:00:15+0530: [Worker(delayed_job host:Akshays-MacBook-Air-1591.local pid:24658)] UserMailer.deliver_forgot_password completed after 8.6518
2020-07-27T18:00:15+0530: [Worker(delayed_job host:Akshays-MacBook-Air-1591.local pid:24658)] 1 jobs processed at 0.1153 j/s, 0 failed ...
2020-07-27T18:02:40+0530: [Worker(delayed_job host:Akshays-MacBook-Air-1591.local pid:24658)] UserMailer.deliver_forgot_password completed after 4.8535
2020-07-27T18:02:40+0530: [Worker(delayed_job host:Akshays-MacBook-Air-1591.local pid:24658)] 1 jobs processed at 0.2050 j/s, 0 failed ...
2020-07-28T01:06:18+0530: [Worker(delayed_job host:Akshays-MacBook-Air-1591.local pid:73604)] Starting job worker
2020-07-28T01:06:18+0530: [Worker(delayed_job host:Akshays-MacBook-Air-1591.local pid:73604)] UserMailer.deliver_registration_confirmation failed with ActionView::TemplateError: undefined method `name' for #<User:0x7fcd07322478> - 0 failed attempts
2020-07-28T01:06:18+0530: [Worker(delayed_job host:Akshays-MacBook-Air-1591.local pid:73604)] 1 jobs processed at 3.6257 j/s, 1 failed ...
2020-07-28T01:06:28+0530: [Worker(delayed_job host:Akshays-MacBook-Air-1591.local pid:73604)] UserMailer.deliver_registration_confirmation failed with ActionView::TemplateError: undefined method `name' for #<User:0x7fcd071089a8> - 1 failed attempts
2020-07-28T01:06:28+0530: [Worker(delayed_job host:Akshays-MacBook-Air-1591.local pid:73604)] 1 jobs processed at 16.6240 j/s, 1 failed ...
2020-07-28T01:06:53+0530: [Worker(delayed_job host:Akshays-MacBook-Air-1591.local pid:73604)] UserMailer.deliver_registration_confirmation failed with ActionView::TemplateError: undefined method `name' for #<User:0x7fcd07071eb8> - 2 failed attempts
2020-07-28T01:06:53+0530: [Worker(delayed_job host:Akshays-MacBook-Air-1591.local pid:73604)] 1 jobs processed at 22.6926 j/s, 1 failed ...
2020-07-28T01:09:33+0530: [Worker(delayed_job host:Akshays-MacBook-Air-1591.local pid:73604)] UserMailer.deliver_registration_confirmation failed with ActionView::TemplateError: confirm_email_user_url failed to generate from {:controller=>"user", :action=>"confirm_email", :id=>"Z90JkRwBrfl7Ln/DUEAx1Q=="}, expected: {:controller=>"user", :action=>"confirm_email"}, diff: {:id=>"Z90JkRwBrfl7Ln/DUEAx1Q=="} - 1 failed attempts
2020-07-28T01:09:33+0530: [Worker(delayed_job host:Akshays-MacBook-Air-1591.local pid:73604)] 1 jobs processed at 18.0216 j/s, 1 failed ...
2020-07-28T01:15:44+0530: [Worker(delayed_job host:Akshays-MacBook-Air-1591.local pid:73604)] UserMailer.deliver_registration_confirmation failed with ActionView::TemplateError: confirm_email_user_url failed to generate from {:controller=>"user", :action=>"confirm_email", :id=>"Z90JkRwBrfl7Ln/DUEAx1Q=="}, expected: {:controller=>"user", :action=>"confirm_email"}, diff: {:id=>"Z90JkRwBrfl7Ln/DUEAx1Q=="} - 4 failed attempts
2020-07-28T01:15:44+0530: [Worker(delayed_job host:Akshays-MacBook-Air-1591.local pid:73604)] 1 jobs processed at 26.5964 j/s, 1 failed ...
Could not load object for job: Couldn't find User with ID=2
2020-07-28T01:26:14+0530: [Worker(delayed_job host:Akshays-MacBook-Air-1591.local pid:73604)] UserMailer.deliver_registration_confirmation completed after 0.0167
2020-07-28T01:26:14+0530: [Worker(delayed_job host:Akshays-MacBook-Air-1591.local pid:73604)] 1 jobs processed at 35.4446 j/s, 0 failed ...
Could not load object for job: Couldn't find User with ID=4
2020-07-28T10:32:48+0530: [Worker(delayed_job host:Akshays-MacBook-Air-1591.local pid:73604)] UserMailer.deliver_registration_confirmation completed after 0.0152
2020-07-28T10:32:48+0530: [Worker(delayed_job host:Akshays-MacBook-Air-1591.local pid:73604)] 1 jobs processed at 36.5845 j/s, 0 failed ...
2020-07-28T11:09:30+0530: [Worker(delayed_job host:Akshays-MacBook-Air-1591.local pid:73604)] UserMailer.deliver_registration_confirmation failed with ActionView::TemplateError: undefined method `confirm_email_users_url' for #<ActionView::Base:0x7fcd0706fdc0> - 1 failed attempts
2020-07-28T11:09:30+0530: [Worker(delayed_job host:Akshays-MacBook-Air-1591.local pid:73604)] 1 jobs processed at 8.5647 j/s, 1 failed ...
2020-07-28T11:09:55+0530: [Worker(delayed_job host:Akshays-MacBook-Air-1591.local pid:73604)] UserMailer.deliver_registration_confirmation failed with ActionView::TemplateError: undefined method `confirm_email_users_url' for #<ActionView::Base:0x7fcd0771c4e8> - 2 failed attempts
2020-07-28T11:09:55+0530: [Worker(delayed_job host:Akshays-MacBook-Air-1591.local pid:73604)] 1 jobs processed at 37.5249 j/s, 1 failed ...
Could not load object for job: Couldn't find User with ID=6
2020-07-28T11:15:45+0530: [Worker(delayed_job host:Akshays-MacBook-Air-1591.local pid:73604)] UserMailer.deliver_registration_confirmation completed after 0.0163
2020-07-28T11:15:45+0530: [Worker(delayed_job host:Akshays-MacBook-Air-1591.local pid:73604)] 1 jobs processed at 36.9006 j/s, 0 failed ...
